# JRE version: OpenJDK Runtime Environment (21.0.10+7) (build 21.0.10+7-Ubuntu-124.04)
# Java VM: OpenJDK 64-Bit Server VM (21.0.10+7-Ubuntu-124.04, mixed mode, sharing, tiered, compressed oops, compressed class ptrs, g1 gc, linux-amd64)
GC Precious Log:
 CardTable entry size: 512
 Card Set container configuration: InlinePtr #cards 5 size 8 Array Of Cards #cards 12 size 40 Howl #buckets 4 coarsen threshold 1843 Howl Bitmap #cards 512 size 80 coarsen threshold 460 Card regions per heap region 1 cards per card region 2048
 CPUs: 4 total, 4 available
 Memory: 16075M
 Large Page Support: Disabled
 NUMA Support: Disabled
 Compressed Oops: Enabled (32-bit)
 Heap Region Size: 1M
 Heap Min Capacity: 8M
 Heap Initial Capacity: 252M
 Heap Max Capacity: 512M
 Pre-touch: Disabled
 Parallel Workers: 4
 Concurrent Workers: 1
 Concurrent Refinement Workers: 4
 Periodic GC: Disabled
Heap:
 garbage-first heap   total 58368K, used 35762K [0x00000000e0000000, 0x0000000100000000)
  region size 1024K, 24 young (24576K), 2 survivors (2048K)
 Metaspace       used 21045K, committed 21568K, reserved 1114112K
  class space    used 2506K, committed 2752K, reserved 1048576K
GC Heap History (8 events):
Event: 0.342 GC heap before
{Heap before GC invocations=0 (full 0):
 garbage-first heap   total 260096K, used 16433K [0x00000000e0000000, 0x0000000100000000)
  region size 1024K, 13 young (13312K), 0 survivors (0K)
 Metaspace       used 4397K, committed 4608K, reserved 1114112K
  class space    used 537K, committed 640K, reserved 1048576K
}
Event: 0.348 GC heap after
{Heap after GC invocations=1 (full 0):
 garbage-first heap   total 260096K, used 6257K [0x00000000e0000000, 0x0000000100000000)
  region size 1024K, 2 young (2048K), 2 survivors (2048K)
 Metaspace       used 4397K, committed 4608K, reserved 1114112K
  class space    used 537K, committed 640K, reserved 1048576K
}
Event: 0.585 GC heap before
{Heap before GC invocations=1 (full 0):
 garbage-first heap   total 260096K, used 19569K [0x00000000e0000000, 0x0000000100000000)
  region size 1024K, 15 young (15360K), 2 survivors (2048K)
 Metaspace       used 7983K, committed 8192K, reserved 1114112K
  class space    used 1069K, committed 1152K, reserved 1048576K
}
Event: 0.588 GC heap after
{Heap after GC invocations=2 (full 0):
 garbage-first heap   total 260096K, used 7325K [0x00000000e0000000, 0x0000000100000000)
  region size 1024K, 1 young (1024K), 1 survivors (1024K)
 Metaspace       used 7983K, committed 8192K, reserved 1114112K
  class space    used 1069K, committed 1152K, reserved 1048576K
}
Event: 5.089 GC heap before
{Heap before GC invocations=2 (full 0):
 garbage-first heap   total 260096K, used 60573K [0x00000000e0000000, 0x0000000100000000)
  region size 1024K, 50 young (51200K), 1 survivors (1024K)
 Metaspace       used 18911K, committed 19392K, reserved 1114112K
  class space    used 2353K, committed 2560K, reserved 1048576K
}
Event: 5.104 GC heap after
{Heap after GC invocations=3 (full 0):
 garbage-first heap   total 260096K, used 13766K [0x00000000e0000000, 0x0000000100000000)
  region size 1024K, 7 young (7168K), 7 survivors (7168K)
 Metaspace       used 18911K, committed 19392K, reserved 1114112K
  class space    used 2353K, committed 2560K, reserved 1048576K
}
Event: 19.483 GC heap before
{Heap before GC invocations=3 (full 0):
 garbage-first heap   total 260096K, used 71110K [0x00000000e0000000, 0x0000000100000000)
  region size 1024K, 64 young (65536K), 7 survivors (7168K)
 Metaspace       used 21021K, committed 21504K, reserved 1114112K
  class space    used 2500K, committed 2752K, reserved 1048576K
}
Event: 19.493 GC heap after
{Heap after GC invocations=4 (full 0):
 garbage-first heap   total 260096K, used 15282K [0x00000000e0000000, 0x0000000100000000)
  region size 1024K, 2 young (2048K), 2 survivors (2048K)
 Metaspace       used 21021K, committed 21504K, reserved 1114112K
  class space    used 2500K, committed 2752K, reserved 1048576K
}

